Using pre-set license
Built from '2020.3/staging' branch; Version is '2020.3.0f1 (c7b5465681fb) revision 13088070'; Using compiler version '192528614'; Build Type 'Release'
OS: 'Windows 10 Home Single Language; OS build 19042.1083; Version 2009; 64bit' Language: 'en' Physical Memory: 8072 MB
BatchMode: 1, IsHumanControllingUs: 0, StartBugReporterOnCrash: 0, Is64bit: 1, IsPro: 0

 COMMAND LINE ARGUMENTS:
C:\Program Files\Unity\Hub\Editor\2020.3.0f1\Editor\Unity.exe
-adb2
-batchMode
-noUpm
-name
AssetImportWorker0
-projectPath
D:/UNITYGames/Dr.Madman_1st_Build
-logFile
Logs/AssetImportWorker0.log
-srvPort
52322
Successfully changed project path to: D:/UNITYGames/Dr.Madman_1st_Build
D:/UNITYGames/Dr.Madman_1st_Build
Using Asset Import Pipeline V2.
Refreshing native plugins compatible for Editor in 106.28 ms, found 0 plugins.
Preloading 0 native plugins for Editor in 0.00 ms.
Initialize engine version: 2020.3.0f1 (c7b5465681fb)
[Subsystems] Discovering subsystems at path C:/Program Files/Unity/Hub/Editor/2020.3.0f1/Editor/Data/Resources/UnitySubsystems
[Subsystems] Discovering subsystems at path D:/UNITYGames/Dr.Madman_1st_Build/Assets
GfxDevice: creating device client; threaded=0
Direct3D:
    Version:  Direct3D 11.0 [level 11.1]
    Renderer: NVIDIA GeForce GTX 1650 (ID=0x1f91)
    Vendor:   
    VRAM:     3962 MB
    Driver:   27.21.14.5749
Initialize mono
Mono path[0] = 'C:/Program Files/Unity/Hub/Editor/2020.3.0f1/Editor/Data/Managed'
Mono path[1] = 'C:/Program Files/Unity/Hub/Editor/2020.3.0f1/Editor/Data/MonoBleedingEdge/lib/mono/unityjit'
Mono config path = 'C:/Program Files/Unity/Hub/Editor/2020.3.0f1/Editor/Data/MonoBleedingEdge/etc'
Using monoOptions --debugger-agent=transport=dt_socket,embedding=1,server=y,suspend=n,address=127.0.0.1:56120
Begin MonoManager ReloadAssembly
Registering precompiled unity dll's ...
Register platform support module: C:/Program Files/Unity/Hub/Editor/2020.3.0f1/Editor/Data/PlaybackEngines/WindowsStandaloneSupport/UnityEditor.WindowsStandalone.Extensions.dll
Registered in 0.004652 seconds.
Native extension for WindowsStandalone target not found
Refreshing native plugins compatible for Editor in 58.56 ms, found 0 plugins.
Preloading 0 native plugins for Editor in 0.00 ms.
Invoked RoslynAnalysisRunner static constructor.
RoslynAnalysisRunner will not be running.
RoslynAnalysisRunner has terminated.
Mono: successfully reloaded assembly
- Completed reload, in  5.212 seconds
Platform modules already initialized, skipping
Registering precompiled user dll's ...
Registered in 0.001104 seconds.
Begin MonoManager ReloadAssembly
Native extension for WindowsStandalone target not found
Refreshing native plugins compatible for Editor in 0.65 ms, found 0 plugins.
Preloading 0 native plugins for Editor in 0.00 ms.
Invoked RoslynAnalysisRunner static constructor.
RoslynAnalysisRunner will not be running.
RoslynAnalysisRunner has terminated.
Mono: successfully reloaded assembly
- Completed reload, in  2.045 seconds
Platform modules already initialized, skipping
========================================================================
Worker process is ready to serve import requests
Launched and connected shader compiler UnityShaderCompiler.exe after 0.13 seconds
Refreshing native plugins compatible for Editor in 0.55 ms, found 0 plugins.
Preloading 0 native plugins for Editor in 0.00 ms.
Unloading 1265 Unused Serialized files (Serialized files now loaded: 0)
System memory in use before: 62.6 MB.
System memory in use after: 62.7 MB.

Unloading 11 unused Assets to reduce memory usage. Loaded Objects now: 1710.
Total: 5.079400 ms (FindLiveObjects: 0.422800 ms CreateObjectMapping: 0.140900 ms MarkObjects: 4.293400 ms  DeleteObjects: 0.219500 ms)

========================================================================
Received Import Request.
  path: Assets/Art/MenuBackground.jpg
  artifactKey: Guid(9fca37a599709f542af4528899367aa3) Importer(815301076,1909f56bfc062723c751e8b465ee728b)
Start importing Assets/Art/MenuBackground.jpg using Guid(9fca37a599709f542af4528899367aa3) Importer(815301076,1909f56bfc062723c751e8b465ee728b)  -> (artifact id: 'ffb8dbdf3f64af87c5db471626364958') in 0.276801 seconds
  Import took 0.284218 seconds .

========================================================================
Received Import Request.
  Time since last request: 112.919565 seconds.
  path: Assets/Scenes/Menu.unity
  artifactKey: Guid(6663c41e67c34664980418d19b892927) Importer(815301076,1909f56bfc062723c751e8b465ee728b)
Start importing Assets/Scenes/Menu.unity using Guid(6663c41e67c34664980418d19b892927) Importer(815301076,1909f56bfc062723c751e8b465ee728b)  -> (artifact id: '4e595404e476fd3b74cb84bd262f909f') in 0.009567 seconds
  Import took 0.012386 seconds .

========================================================================
Received Import Request.
  Time since last request: 169.131166 seconds.
  path: Assets/Art
  artifactKey: Guid(cecb4c61f5d8d7941a6b47ee4434ce6e) Importer(815301076,1909f56bfc062723c751e8b465ee728b)
Start importing Assets/Art using Guid(cecb4c61f5d8d7941a6b47ee4434ce6e) Importer(815301076,1909f56bfc062723c751e8b465ee728b)  -> (artifact id: 'a736993e7efb00685f1d5dfc278243c6') in 0.008697 seconds
  Import took 0.038699 seconds .

========================================================================
Received Import Request.
  Time since last request: 11.018247 seconds.
  path: Assets/Art/MenuBackground 1.jpg
  artifactKey: Guid(91be6ea359bb93e449f1cbedbdb62cb0) Importer(815301076,1909f56bfc062723c751e8b465ee728b)
Start importing Assets/Art/MenuBackground 1.jpg using Guid(91be6ea359bb93e449f1cbedbdb62cb0) Importer(815301076,1909f56bfc062723c751e8b465ee728b)  -> (artifact id: '49ccbdd2985dc84766262672c4eb4452') in 0.023414 seconds
  Import took 0.063055 seconds .

========================================================================
Received Import Request.
  Time since last request: 749.788168 seconds.
  path: Assets/Art/MenuBackground.jpg
  artifactKey: Guid(9fca37a599709f542af4528899367aa3) Importer(815301076,1909f56bfc062723c751e8b465ee728b)
Start importing Assets/Art/MenuBackground.jpg using Guid(9fca37a599709f542af4528899367aa3) Importer(815301076,1909f56bfc062723c751e8b465ee728b)  -> (artifact id: 'd8cf0dc791e928d0202b36c0903953b2') in 0.310563 seconds
  Import took 0.358830 seconds .

========================================================================
Received Prepare
Registering precompiled user dll's ...
Registered in 0.000543 seconds.
Begin MonoManager ReloadAssembly
Native extension for WindowsStandalone target not found
Refreshing native plugins compatible for Editor in 0.81 ms, found 0 plugins.
Preloading 0 native plugins for Editor in 0.00 ms.
Invoked RoslynAnalysisRunner static constructor.
RoslynAnalysisRunner will not be running.
RoslynAnalysisRunner has terminated.
Mono: successfully reloaded assembly
- Completed reload, in  0.990 seconds
Platform modules already initialized, skipping
Refreshing native plugins compatible for Editor in 0.24 ms, found 0 plugins.
Preloading 0 native plugins for Editor in 0.00 ms.
Unloading 1274 Unused Serialized files (Serialized files now loaded: 0)
System memory in use before: 67.5 MB.
System memory in use after: 67.0 MB.

Unloading 19 unused Assets to reduce memory usage. Loaded Objects now: 1723.
Total: 2.039400 ms (FindLiveObjects: 0.247300 ms CreateObjectMapping: 0.053600 ms MarkObjects: 1.450600 ms  DeleteObjects: 0.286100 ms)

========================================================================
Received Import Request.
  Time since last request: 484.282208 seconds.
  path: Assets/Scripts/MainMenu.cs
  artifactKey: Guid(ce35bfe4cbec346488f90b4845c47c18) Importer(815301076,1909f56bfc062723c751e8b465ee728b)
Start importing Assets/Scripts/MainMenu.cs using Guid(ce35bfe4cbec346488f90b4845c47c18) Importer(815301076,1909f56bfc062723c751e8b465ee728b)  -> (artifact id: '0f0f9c48b60c959c41197c684f292436') in 0.075287 seconds
  Import took 0.139247 seconds .

========================================================================
Received Prepare
Registering precompiled user dll's ...
Registered in 0.000649 seconds.
Begin MonoManager ReloadAssembly
Native extension for WindowsStandalone target not found
Refreshing native plugins compatible for Editor in 0.41 ms, found 0 plugins.
Preloading 0 native plugins for Editor in 0.00 ms.
Invoked RoslynAnalysisRunner static constructor.
RoslynAnalysisRunner will not be running.
RoslynAnalysisRunner has terminated.
Mono: successfully reloaded assembly
- Completed reload, in  0.931 seconds
Platform modules already initialized, skipping
Refreshing native plugins compatible for Editor in 0.22 ms, found 0 plugins.
Preloading 0 native plugins for Editor in 0.00 ms.
Unloading 1272 Unused Serialized files (Serialized files now loaded: 0)
System memory in use before: 67.5 MB.
System memory in use after: 66.9 MB.

Unloading 20 unused Assets to reduce memory usage. Loaded Objects now: 1725.
Total: 2.869400 ms (FindLiveObjects: 0.493000 ms CreateObjectMapping: 0.179100 ms MarkObjects: 1.892900 ms  DeleteObjects: 0.302500 ms)

========================================================================
Received Prepare
Registering precompiled user dll's ...
Registered in 0.000758 seconds.
Begin MonoManager ReloadAssembly
Native extension for WindowsStandalone target not found
Refreshing native plugins compatible for Editor in 0.32 ms, found 0 plugins.
Preloading 0 native plugins for Editor in 0.00 ms.
Invoked RoslynAnalysisRunner static constructor.
RoslynAnalysisRunner will not be running.
RoslynAnalysisRunner has terminated.
Mono: successfully reloaded assembly
- Completed reload, in  0.829 seconds
Platform modules already initialized, skipping
Refreshing native plugins compatible for Editor in 0.28 ms, found 0 plugins.
Preloading 0 native plugins for Editor in 0.00 ms.
Unloading 1273 Unused Serialized files (Serialized files now loaded: 0)
System memory in use before: 67.5 MB.
System memory in use after: 67.0 MB.

Unloading 19 unused Assets to reduce memory usage. Loaded Objects now: 1729.
Total: 1.796800 ms (FindLiveObjects: 0.145200 ms CreateObjectMapping: 0.041000 ms MarkObjects: 1.293000 ms  DeleteObjects: 0.316400 ms)

========================================================================
Received Prepare
Registering precompiled user dll's ...
Registered in 0.000499 seconds.
Begin MonoManager ReloadAssembly
Native extension for WindowsStandalone target not found
Refreshing native plugins compatible for Editor in 0.22 ms, found 0 plugins.
Preloading 0 native plugins for Editor in 0.00 ms.
Invoked RoslynAnalysisRunner static constructor.
RoslynAnalysisRunner will not be running.
RoslynAnalysisRunner has terminated.
Mono: successfully reloaded assembly
- Completed reload, in  0.805 seconds
Platform modules already initialized, skipping
Refreshing native plugins compatible for Editor in 0.22 ms, found 0 plugins.
Preloading 0 native plugins for Editor in 0.00 ms.
Unloading 1273 Unused Serialized files (Serialized files now loaded: 0)
System memory in use before: 67.5 MB.
System memory in use after: 67.0 MB.

Unloading 19 unused Assets to reduce memory usage. Loaded Objects now: 1732.
Total: 3.451900 ms (FindLiveObjects: 0.308800 ms CreateObjectMapping: 0.092500 ms MarkObjects: 2.523800 ms  DeleteObjects: 0.525400 ms)

========================================================================
Received Import Request.
  Time since last request: 157.221606 seconds.
  path: Assets/Scripts/MainMenuScript.cs
  artifactKey: Guid(7d4c46284745aa14fba56457ef9e8105) Importer(815301076,1909f56bfc062723c751e8b465ee728b)
Start importing Assets/Scripts/MainMenuScript.cs using Guid(7d4c46284745aa14fba56457ef9e8105) Importer(815301076,1909f56bfc062723c751e8b465ee728b)  -> (artifact id: 'c3f4847ae0a773e48f85aa7fdf578242') in 0.009637 seconds
  Import took 0.153357 seconds .

========================================================================
Received Prepare
Registering precompiled user dll's ...
Registered in 0.000691 seconds.
Begin MonoManager ReloadAssembly
Native extension for WindowsStandalone target not found
Refreshing native plugins compatible for Editor in 0.22 ms, found 0 plugins.
Preloading 0 native plugins for Editor in 0.00 ms.
Invoked RoslynAnalysisRunner static constructor.
RoslynAnalysisRunner will not be running.
RoslynAnalysisRunner has terminated.
Mono: successfully reloaded assembly
- Completed reload, in  0.835 seconds
Platform modules already initialized, skipping
Refreshing native plugins compatible for Editor in 0.21 ms, found 0 plugins.
Preloading 0 native plugins for Editor in 0.00 ms.
Unloading 1273 Unused Serialized files (Serialized files now loaded: 0)
System memory in use before: 67.5 MB.
System memory in use after: 67.0 MB.

Unloading 19 unused Assets to reduce memory usage. Loaded Objects now: 1735.
Total: 1.965100 ms (FindLiveObjects: 0.158400 ms CreateObjectMapping: 0.043700 ms MarkObjects: 1.452100 ms  DeleteObjects: 0.309300 ms)

========================================================================
Received Prepare
Registering precompiled user dll's ...
Registered in 0.000850 seconds.
Begin MonoManager ReloadAssembly
Native extension for WindowsStandalone target not found
Refreshing native plugins compatible for Editor in 0.29 ms, found 0 plugins.
Preloading 0 native plugins for Editor in 0.00 ms.
Invoked RoslynAnalysisRunner static constructor.
RoslynAnalysisRunner will not be running.
RoslynAnalysisRunner has terminated.
Mono: successfully reloaded assembly
- Completed reload, in  1.178 seconds
Platform modules already initialized, skipping
Refreshing native plugins compatible for Editor in 0.31 ms, found 0 plugins.
Preloading 0 native plugins for Editor in 0.00 ms.
Unloading 1273 Unused Serialized files (Serialized files now loaded: 0)
System memory in use before: 67.5 MB.
System memory in use after: 67.0 MB.

Unloading 19 unused Assets to reduce memory usage. Loaded Objects now: 1738.
Total: 3.134600 ms (FindLiveObjects: 0.269300 ms CreateObjectMapping: 0.088900 ms MarkObjects: 2.316400 ms  DeleteObjects: 0.458000 ms)

========================================================================
Received Prepare
Registering precompiled user dll's ...
Registered in 0.000448 seconds.
Begin MonoManager ReloadAssembly
Native extension for WindowsStandalone target not found
Refreshing native plugins compatible for Editor in 0.21 ms, found 0 plugins.
Preloading 0 native plugins for Editor in 0.00 ms.
Invoked RoslynAnalysisRunner static constructor.
RoslynAnalysisRunner will not be running.
RoslynAnalysisRunner has terminated.
Mono: successfully reloaded assembly
- Completed reload, in  0.746 seconds
Platform modules already initialized, skipping
Refreshing native plugins compatible for Editor in 0.22 ms, found 0 plugins.
Preloading 0 native plugins for Editor in 0.00 ms.
Unloading 1273 Unused Serialized files (Serialized files now loaded: 0)
System memory in use before: 67.5 MB.
System memory in use after: 67.0 MB.

Unloading 19 unused Assets to reduce memory usage. Loaded Objects now: 1741.
Total: 2.088800 ms (FindLiveObjects: 0.181100 ms CreateObjectMapping: 0.054800 ms MarkObjects: 1.528700 ms  DeleteObjects: 0.322300 ms)

========================================================================
Received Prepare
Registering precompiled user dll's ...
Registered in 0.000753 seconds.
Begin MonoManager ReloadAssembly
Native extension for WindowsStandalone target not found
Refreshing native plugins compatible for Editor in 0.30 ms, found 0 plugins.
Preloading 0 native plugins for Editor in 0.00 ms.
Invoked RoslynAnalysisRunner static constructor.
RoslynAnalysisRunner will not be running.
RoslynAnalysisRunner has terminated.
Mono: successfully reloaded assembly
- Completed reload, in  1.401 seconds
Platform modules already initialized, skipping
Refreshing native plugins compatible for Editor in 0.49 ms, found 0 plugins.
Preloading 0 native plugins for Editor in 0.00 ms.
Unloading 1274 Unused Serialized files (Serialized files now loaded: 0)
System memory in use before: 67.6 MB.
System memory in use after: 67.0 MB.

Unloading 19 unused Assets to reduce memory usage. Loaded Objects now: 1745.
Total: 4.737600 ms (FindLiveObjects: 0.336200 ms CreateObjectMapping: 0.120900 ms MarkObjects: 3.657000 ms  DeleteObjects: 0.620500 ms)

========================================================================
Received Import Request.
  Time since last request: 884.761179 seconds.
  path: Assets/Scripts/SoundManager.cs
  artifactKey: Guid(fe941323db0fa1149a6bc9228cd45a3c) Importer(815301076,1909f56bfc062723c751e8b465ee728b)
Start importing Assets/Scripts/SoundManager.cs using Guid(fe941323db0fa1149a6bc9228cd45a3c) Importer(815301076,1909f56bfc062723c751e8b465ee728b)  -> (artifact id: 'a7df58120b3f39a89df8ee1bd2416c3a') in 0.012327 seconds
  Import took 0.015501 seconds .

========================================================================
Received Prepare
Registering precompiled user dll's ...
Registered in 0.000736 seconds.
Begin MonoManager ReloadAssembly
Native extension for WindowsStandalone target not found
Refreshing native plugins compatible for Editor in 0.36 ms, found 0 plugins.
Preloading 0 native plugins for Editor in 0.00 ms.
Invoked RoslynAnalysisRunner static constructor.
RoslynAnalysisRunner will not be running.
RoslynAnalysisRunner has terminated.
Mono: successfully reloaded assembly
- Completed reload, in  1.809 seconds
Platform modules already initialized, skipping
Refreshing native plugins compatible for Editor in 0.37 ms, found 0 plugins.
Preloading 0 native plugins for Editor in 0.00 ms.
Unloading 1274 Unused Serialized files (Serialized files now loaded: 0)
System memory in use before: 67.6 MB.
System memory in use after: 67.1 MB.

Unloading 19 unused Assets to reduce memory usage. Loaded Objects now: 1748.
Total: 3.594600 ms (FindLiveObjects: 0.235400 ms CreateObjectMapping: 0.064200 ms MarkObjects: 2.714800 ms  DeleteObjects: 0.577600 ms)

========================================================================
Received Import Request.
  Time since last request: 328.825801 seconds.
  path: Assets/Scripts/SoundManager.cs
  artifactKey: Guid(fe941323db0fa1149a6bc9228cd45a3c) Importer(815301076,1909f56bfc062723c751e8b465ee728b)
Start importing Assets/Scripts/SoundManager.cs using Guid(fe941323db0fa1149a6bc9228cd45a3c) Importer(815301076,1909f56bfc062723c751e8b465ee728b)  -> (artifact id: 'de20af4401418412c5bb06bfded1e330') in 0.008262 seconds
  Import took 0.012058 seconds .

========================================================================
Received Prepare
Registering precompiled user dll's ...
Registered in 0.000977 seconds.
Begin MonoManager ReloadAssembly
Native extension for WindowsStandalone target not found
Refreshing native plugins compatible for Editor in 0.27 ms, found 0 plugins.
Preloading 0 native plugins for Editor in 0.00 ms.
Invoked RoslynAnalysisRunner static constructor.
RoslynAnalysisRunner will not be running.
RoslynAnalysisRunner has terminated.
Mono: successfully reloaded assembly
- Completed reload, in  0.795 seconds
Platform modules already initialized, skipping
Refreshing native plugins compatible for Editor in 0.23 ms, found 0 plugins.
Preloading 0 native plugins for Editor in 0.00 ms.
Unloading 1274 Unused Serialized files (Serialized files now loaded: 0)
System memory in use before: 67.6 MB.
System memory in use after: 67.1 MB.

Unloading 19 unused Assets to reduce memory usage. Loaded Objects now: 1751.
Total: 2.077600 ms (FindLiveObjects: 0.185000 ms CreateObjectMapping: 0.049100 ms MarkObjects: 1.510400 ms  DeleteObjects: 0.332000 ms)

========================================================================
Received Prepare
Registering precompiled user dll's ...
Registered in 0.000761 seconds.
Begin MonoManager ReloadAssembly
Native extension for WindowsStandalone target not found
Refreshing native plugins compatible for Editor in 0.28 ms, found 0 plugins.
Preloading 0 native plugins for Editor in 0.00 ms.
Invoked RoslynAnalysisRunner static constructor.
RoslynAnalysisRunner will not be running.
RoslynAnalysisRunner has terminated.
Mono: successfully reloaded assembly
- Completed reload, in  1.138 seconds
Platform modules already initialized, skipping
Refreshing native plugins compatible for Editor in 0.33 ms, found 0 plugins.
Preloading 0 native plugins for Editor in 0.00 ms.
Unloading 1274 Unused Serialized files (Serialized files now loaded: 0)
System memory in use before: 67.6 MB.
System memory in use after: 67.1 MB.

Unloading 19 unused Assets to reduce memory usage. Loaded Objects now: 1754.
Total: 2.771600 ms (FindLiveObjects: 0.239300 ms CreateObjectMapping: 0.075400 ms MarkObjects: 2.000900 ms  DeleteObjects: 0.453700 ms)

========================================================================
Received Prepare
Registering precompiled user dll's ...
Registered in 0.000591 seconds.
Begin MonoManager ReloadAssembly
Native extension for WindowsStandalone target not found
Refreshing native plugins compatible for Editor in 0.21 ms, found 0 plugins.
Preloading 0 native plugins for Editor in 0.00 ms.
Invoked RoslynAnalysisRunner static constructor.
RoslynAnalysisRunner will not be running.
RoslynAnalysisRunner has terminated.
Mono: successfully reloaded assembly
- Completed reload, in  1.008 seconds
Platform modules already initialized, skipping
Refreshing native plugins compatible for Editor in 0.21 ms, found 0 plugins.
Preloading 0 native plugins for Editor in 0.00 ms.
Unloading 1274 Unused Serialized files (Serialized files now loaded: 0)
System memory in use before: 67.6 MB.
System memory in use after: 67.1 MB.

Unloading 19 unused Assets to reduce memory usage. Loaded Objects now: 1757.
Total: 2.346100 ms (FindLiveObjects: 0.271200 ms CreateObjectMapping: 0.074800 ms MarkObjects: 1.635600 ms  DeleteObjects: 0.363100 ms)

========================================================================
Received Prepare
Registering precompiled user dll's ...
Registered in 0.000469 seconds.
Begin MonoManager ReloadAssembly
Native extension for WindowsStandalone target not found
Refreshing native plugins compatible for Editor in 0.22 ms, found 0 plugins.
Preloading 0 native plugins for Editor in 0.00 ms.
Invoked RoslynAnalysisRunner static constructor.
RoslynAnalysisRunner will not be running.
RoslynAnalysisRunner has terminated.
Mono: successfully reloaded assembly
- Completed reload, in  0.764 seconds
Platform modules already initialized, skipping
Refreshing native plugins compatible for Editor in 0.23 ms, found 0 plugins.
Preloading 0 native plugins for Editor in 0.00 ms.
Unloading 1275 Unused Serialized files (Serialized files now loaded: 0)
System memory in use before: 67.6 MB.
System memory in use after: 67.1 MB.

Unloading 19 unused Assets to reduce memory usage. Loaded Objects now: 1761.
Total: 7.992200 ms (FindLiveObjects: 0.504700 ms CreateObjectMapping: 0.142000 ms MarkObjects: 6.376900 ms  DeleteObjects: 0.963300 ms)

========================================================================
Received Import Request.
  Time since last request: 1403.060806 seconds.
  path: Assets/Scripts/NewBehaviourScript.cs
  artifactKey: Guid(40e55c6bb68d6a24196180a9c5f71b54) Importer(815301076,1909f56bfc062723c751e8b465ee728b)
Start importing Assets/Scripts/NewBehaviourScript.cs using Guid(40e55c6bb68d6a24196180a9c5f71b54) Importer(815301076,1909f56bfc062723c751e8b465ee728b)  -> (artifact id: '5edd6eebfdf1d006c1da0248589d1b3d') in 0.025250 seconds
  Import took 0.031214 seconds .

========================================================================
Received Prepare
Registering precompiled user dll's ...
Registered in 0.000487 seconds.
Begin MonoManager ReloadAssembly
Native extension for WindowsStandalone target not found
Refreshing native plugins compatible for Editor in 0.33 ms, found 0 plugins.
Preloading 0 native plugins for Editor in 0.00 ms.
Invoked RoslynAnalysisRunner static constructor.
RoslynAnalysisRunner will not be running.
RoslynAnalysisRunner has terminated.
Mono: successfully reloaded assembly
- Completed reload, in  0.750 seconds
Platform modules already initialized, skipping
Refreshing native plugins compatible for Editor in 0.23 ms, found 0 plugins.
Preloading 0 native plugins for Editor in 0.00 ms.
Unloading 1275 Unused Serialized files (Serialized files now loaded: 0)
System memory in use before: 67.6 MB.
System memory in use after: 67.1 MB.

Unloading 19 unused Assets to reduce memory usage. Loaded Objects now: 1764.
Total: 2.159100 ms (FindLiveObjects: 0.172200 ms CreateObjectMapping: 0.046300 ms MarkObjects: 1.615700 ms  DeleteObjects: 0.323300 ms)

========================================================================
Received Import Request.
  Time since last request: 17.048076 seconds.
  path: Assets/Scripts/PauseMenu.cs
  artifactKey: Guid(40e55c6bb68d6a24196180a9c5f71b54) Importer(815301076,1909f56bfc062723c751e8b465ee728b)
Start importing Assets/Scripts/PauseMenu.cs using Guid(40e55c6bb68d6a24196180a9c5f71b54) Importer(815301076,1909f56bfc062723c751e8b465ee728b)  -> (artifact id: '397d732dc0d719711378413c83ff549c') in 0.006927 seconds
  Import took 0.008860 seconds .

========================================================================
Received Prepare
Registering precompiled user dll's ...
Registered in 0.000480 seconds.
Begin MonoManager ReloadAssembly
Native extension for WindowsStandalone target not found
Refreshing native plugins compatible for Editor in 0.21 ms, found 0 plugins.
Preloading 0 native plugins for Editor in 0.00 ms.
Invoked RoslynAnalysisRunner static constructor.
RoslynAnalysisRunner will not be running.
RoslynAnalysisRunner has terminated.
Mono: successfully reloaded assembly
- Completed reload, in  0.728 seconds
Platform modules already initialized, skipping
Refreshing native plugins compatible for Editor in 0.21 ms, found 0 plugins.
Preloading 0 native plugins for Editor in 0.00 ms.
Unloading 1275 Unused Serialized files (Serialized files now loaded: 0)
System memory in use before: 67.6 MB.
System memory in use after: 67.1 MB.

Unloading 19 unused Assets to reduce memory usage. Loaded Objects now: 1767.
Total: 2.095600 ms (FindLiveObjects: 0.189400 ms CreateObjectMapping: 0.060200 ms MarkObjects: 1.532400 ms  DeleteObjects: 0.311300 ms)

========================================================================
Received Prepare
Registering precompiled user dll's ...
Registered in 0.000515 seconds.
Begin MonoManager ReloadAssembly
Native extension for WindowsStandalone target not found
Refreshing native plugins compatible for Editor in 0.23 ms, found 0 plugins.
Preloading 0 native plugins for Editor in 0.00 ms.
Invoked RoslynAnalysisRunner static constructor.
RoslynAnalysisRunner will not be running.
RoslynAnalysisRunner has terminated.
Mono: successfully reloaded assembly
- Completed reload, in  0.740 seconds
Platform modules already initialized, skipping
Refreshing native plugins compatible for Editor in 0.23 ms, found 0 plugins.
Preloading 0 native plugins for Editor in 0.00 ms.
Unloading 1275 Unused Serialized files (Serialized files now loaded: 0)
System memory in use before: 67.6 MB.
System memory in use after: 67.1 MB.

Unloading 19 unused Assets to reduce memory usage. Loaded Objects now: 1770.
Total: 2.273500 ms (FindLiveObjects: 0.216600 ms CreateObjectMapping: 0.075600 ms MarkObjects: 1.611700 ms  DeleteObjects: 0.367900 ms)

========================================================================
Received Import Request.
  Time since last request: 225.181132 seconds.
  path: Assets/Scripts/PauseMenu.cs
  artifactKey: Guid(40e55c6bb68d6a24196180a9c5f71b54) Importer(815301076,1909f56bfc062723c751e8b465ee728b)
Start importing Assets/Scripts/PauseMenu.cs using Guid(40e55c6bb68d6a24196180a9c5f71b54) Importer(815301076,1909f56bfc062723c751e8b465ee728b)  -> (artifact id: '28f68981c7d08e80eb17b228847fb32d') in 0.003792 seconds
  Import took 0.006029 seconds .

========================================================================
Received Prepare
Registering precompiled user dll's ...
Registered in 0.000465 seconds.
Begin MonoManager ReloadAssembly
Native extension for WindowsStandalone target not found
Refreshing native plugins compatible for Editor in 0.21 ms, found 0 plugins.
Preloading 0 native plugins for Editor in 0.00 ms.
Invoked RoslynAnalysisRunner static constructor.
RoslynAnalysisRunner will not be running.
RoslynAnalysisRunner has terminated.
Mono: successfully reloaded assembly
- Completed reload, in  0.700 seconds
Platform modules already initialized, skipping
Refreshing native plugins compatible for Editor in 0.21 ms, found 0 plugins.
Preloading 0 native plugins for Editor in 0.00 ms.
Unloading 1275 Unused Serialized files (Serialized files now loaded: 0)
System memory in use before: 67.7 MB.
System memory in use after: 67.1 MB.

Unloading 19 unused Assets to reduce memory usage. Loaded Objects now: 1773.
Total: 2.074900 ms (FindLiveObjects: 0.240400 ms CreateObjectMapping: 0.070900 ms MarkObjects: 1.452100 ms  DeleteObjects: 0.309800 ms)

========================================================================
Received Import Request.
  Time since last request: 142.604561 seconds.
  path: Assets/Scripts/PauseMenu.cs
  artifactKey: Guid(40e55c6bb68d6a24196180a9c5f71b54) Importer(815301076,1909f56bfc062723c751e8b465ee728b)
Start importing Assets/Scripts/PauseMenu.cs using Guid(40e55c6bb68d6a24196180a9c5f71b54) Importer(815301076,1909f56bfc062723c751e8b465ee728b)  -> (artifact id: '7ca98a98a5fc118ed2023792b585bcbc') in 0.005151 seconds
  Import took 0.007181 seconds .

========================================================================
Received Prepare
Registering precompiled user dll's ...
Registered in 0.000447 seconds.
Begin MonoManager ReloadAssembly
Native extension for WindowsStandalone target not found
Refreshing native plugins compatible for Editor in 0.25 ms, found 0 plugins.
Preloading 0 native plugins for Editor in 0.00 ms.
Invoked RoslynAnalysisRunner static constructor.
RoslynAnalysisRunner will not be running.
RoslynAnalysisRunner has terminated.
Mono: successfully reloaded assembly
- Completed reload, in  0.723 seconds
Platform modules already initialized, skipping
Refreshing native plugins compatible for Editor in 0.21 ms, found 0 plugins.
Preloading 0 native plugins for Editor in 0.00 ms.
Unloading 1276 Unused Serialized files (Serialized files now loaded: 0)
System memory in use before: 67.7 MB.
System memory in use after: 67.1 MB.

Unloading 19 unused Assets to reduce memory usage. Loaded Objects now: 1777.
Total: 2.269900 ms (FindLiveObjects: 0.192800 ms CreateObjectMapping: 0.064300 ms MarkObjects: 1.582200 ms  DeleteObjects: 0.428900 ms)

========================================================================
Received Prepare
Registering precompiled user dll's ...
Registered in 0.000450 seconds.
Begin MonoManager ReloadAssembly
Native extension for WindowsStandalone target not found
Refreshing native plugins compatible for Editor in 0.21 ms, found 0 plugins.
Preloading 0 native plugins for Editor in 0.00 ms.
Invoked RoslynAnalysisRunner static constructor.
RoslynAnalysisRunner will not be running.
RoslynAnalysisRunner has terminated.
Mono: successfully reloaded assembly
- Completed reload, in  0.726 seconds
Platform modules already initialized, skipping
Refreshing native plugins compatible for Editor in 0.21 ms, found 0 plugins.
Preloading 0 native plugins for Editor in 0.00 ms.
Unloading 1276 Unused Serialized files (Serialized files now loaded: 0)
System memory in use before: 67.7 MB.
System memory in use after: 67.2 MB.

Unloading 19 unused Assets to reduce memory usage. Loaded Objects now: 1780.
Total: 4.874200 ms (FindLiveObjects: 0.313800 ms CreateObjectMapping: 0.111900 ms MarkObjects: 3.639900 ms  DeleteObjects: 0.806600 ms)

========================================================================
Received Prepare
Registering precompiled user dll's ...
Registered in 0.000479 seconds.
Begin MonoManager ReloadAssembly
Native extension for WindowsStandalone target not found
Refreshing native plugins compatible for Editor in 0.21 ms, found 0 plugins.
Preloading 0 native plugins for Editor in 0.00 ms.
Invoked RoslynAnalysisRunner static constructor.
RoslynAnalysisRunner will not be running.
RoslynAnalysisRunner has terminated.
Mono: successfully reloaded assembly
- Completed reload, in  0.729 seconds
Platform modules already initialized, skipping
Refreshing native plugins compatible for Editor in 0.21 ms, found 0 plugins.
Preloading 0 native plugins for Editor in 0.00 ms.
Unloading 1275 Unused Serialized files (Serialized files now loaded: 0)
System memory in use before: 67.7 MB.
System memory in use after: 67.1 MB.

Unloading 20 unused Assets to reduce memory usage. Loaded Objects now: 1782.
Total: 2.213000 ms (FindLiveObjects: 0.171100 ms CreateObjectMapping: 0.057300 ms MarkObjects: 1.555300 ms  DeleteObjects: 0.428000 ms)

========================================================================
Received Import Request.
  Time since last request: 74.437610 seconds.
  path: Assets/Scripts/PauseMenuScript.cs
  artifactKey: Guid(7d6638fb43207984380c9286ae4283d8) Importer(815301076,1909f56bfc062723c751e8b465ee728b)
Start importing Assets/Scripts/PauseMenuScript.cs using Guid(7d6638fb43207984380c9286ae4283d8) Importer(815301076,1909f56bfc062723c751e8b465ee728b)  -> (artifact id: '869f59dcace9297f7ef4f692c448e9e0') in 0.007848 seconds
  Import took 0.010091 seconds .

========================================================================
Received Import Request.
  Time since last request: 0.023847 seconds.
  path: Assets/Scripts/PauseMenuScript.cs
  artifactKey: Guid(7d6638fb43207984380c9286ae4283d8) Importer(815301076,1909f56bfc062723c751e8b465ee728b)
Start importing Assets/Scripts/PauseMenuScript.cs using Guid(7d6638fb43207984380c9286ae4283d8) Importer(815301076,1909f56bfc062723c751e8b465ee728b)  -> (artifact id: '869f59dcace9297f7ef4f692c448e9e0') in 0.002312 seconds
  Import took 0.004764 seconds .

========================================================================
Received Prepare
Registering precompiled user dll's ...
Registered in 0.000489 seconds.
Begin MonoManager ReloadAssembly
Native extension for WindowsStandalone target not found
Refreshing native plugins compatible for Editor in 0.21 ms, found 0 plugins.
Preloading 0 native plugins for Editor in 0.00 ms.
Invoked RoslynAnalysisRunner static constructor.
RoslynAnalysisRunner will not be running.
RoslynAnalysisRunner has terminated.
Mono: successfully reloaded assembly
- Completed reload, in  0.732 seconds
Platform modules already initialized, skipping
Refreshing native plugins compatible for Editor in 0.21 ms, found 0 plugins.
Preloading 0 native plugins for Editor in 0.00 ms.
Unloading 1275 Unused Serialized files (Serialized files now loaded: 0)
System memory in use before: 67.7 MB.
System memory in use after: 67.1 MB.

Unloading 19 unused Assets to reduce memory usage. Loaded Objects now: 1785.
Total: 5.175900 ms (FindLiveObjects: 0.297600 ms CreateObjectMapping: 0.102800 ms MarkObjects: 3.979200 ms  DeleteObjects: 0.794200 ms)

========================================================================
Received Import Request.
  Time since last request: 35.029524 seconds.
  path: Assets/Scripts/PauseMenuScript.cs
  artifactKey: Guid(7d6638fb43207984380c9286ae4283d8) Importer(815301076,1909f56bfc062723c751e8b465ee728b)
Start importing Assets/Scripts/PauseMenuScript.cs using Guid(7d6638fb43207984380c9286ae4283d8) Importer(815301076,1909f56bfc062723c751e8b465ee728b)  -> (artifact id: 'c8371d9abd5fbc50c0e5b898fecbd3cb') in 0.004380 seconds
  Import took 0.006791 seconds .

========================================================================
Received Prepare
Registering precompiled user dll's ...
Registered in 0.000709 seconds.
Begin MonoManager ReloadAssembly
Native extension for WindowsStandalone target not found
Refreshing native plugins compatible for Editor in 0.30 ms, found 0 plugins.
Preloading 0 native plugins for Editor in 0.00 ms.
Invoked RoslynAnalysisRunner static constructor.
RoslynAnalysisRunner will not be running.
RoslynAnalysisRunner has terminated.
Mono: successfully reloaded assembly
- Completed reload, in  1.316 seconds
Platform modules already initialized, skipping
Refreshing native plugins compatible for Editor in 0.54 ms, found 0 plugins.
Preloading 0 native plugins for Editor in 0.00 ms.
Unloading 1275 Unused Serialized files (Serialized files now loaded: 0)
System memory in use before: 67.7 MB.
System memory in use after: 67.2 MB.

Unloading 19 unused Assets to reduce memory usage. Loaded Objects now: 1788.
Total: 3.516500 ms (FindLiveObjects: 0.367300 ms CreateObjectMapping: 0.092400 ms MarkObjects: 2.472100 ms  DeleteObjects: 0.579400 ms)

========================================================================
Received Prepare
Registering precompiled user dll's ...
Registered in 0.000516 seconds.
Begin MonoManager ReloadAssembly
Native extension for WindowsStandalone target not found
Refreshing native plugins compatible for Editor in 0.21 ms, found 0 plugins.
Preloading 0 native plugins for Editor in 0.00 ms.
Invoked RoslynAnalysisRunner static constructor.
RoslynAnalysisRunner will not be running.
RoslynAnalysisRunner has terminated.
Mono: successfully reloaded assembly
- Completed reload, in  0.682 seconds
Platform modules already initialized, skipping
Refreshing native plugins compatible for Editor in 0.21 ms, found 0 plugins.
Preloading 0 native plugins for Editor in 0.00 ms.
Unloading 1275 Unused Serialized files (Serialized files now loaded: 0)
System memory in use before: 67.7 MB.
System memory in use after: 67.2 MB.

Unloading 19 unused Assets to reduce memory usage. Loaded Objects now: 1791.
Total: 2.398000 ms (FindLiveObjects: 0.451900 ms CreateObjectMapping: 0.068500 ms MarkObjects: 1.546200 ms  DeleteObjects: 0.328300 ms)

========================================================================
Received Prepare
Registering precompiled user dll's ...
Registered in 0.000467 seconds.
Begin MonoManager ReloadAssembly
Native extension for WindowsStandalone target not found
Refreshing native plugins compatible for Editor in 0.21 ms, found 0 plugins.
Preloading 0 native plugins for Editor in 0.00 ms.
Invoked RoslynAnalysisRunner static constructor.
RoslynAnalysisRunner will not be running.
RoslynAnalysisRunner has terminated.
Mono: successfully reloaded assembly
- Completed reload, in  0.785 seconds
Platform modules already initialized, skipping
Refreshing native plugins compatible for Editor in 0.21 ms, found 0 plugins.
Preloading 0 native plugins for Editor in 0.00 ms.
Unloading 1275 Unused Serialized files (Serialized files now loaded: 0)
System memory in use before: 67.7 MB.
System memory in use after: 67.2 MB.

Unloading 19 unused Assets to reduce memory usage. Loaded Objects now: 1794.
Total: 1.989200 ms (FindLiveObjects: 0.133900 ms CreateObjectMapping: 0.037700 ms MarkObjects: 1.509600 ms  DeleteObjects: 0.307200 ms)

========================================================================
Received Prepare
Registering precompiled user dll's ...
Registered in 0.000520 seconds.
Begin MonoManager ReloadAssembly
Native extension for WindowsStandalone target not found
Refreshing native plugins compatible for Editor in 0.21 ms, found 0 plugins.
Preloading 0 native plugins for Editor in 0.00 ms.
Invoked RoslynAnalysisRunner static constructor.
RoslynAnalysisRunner will not be running.
RoslynAnalysisRunner has terminated.
Mono: successfully reloaded assembly
- Completed reload, in  0.780 seconds
Platform modules already initialized, skipping
Refreshing native plugins compatible for Editor in 0.21 ms, found 0 plugins.
Preloading 0 native plugins for Editor in 0.00 ms.
Unloading 1275 Unused Serialized files (Serialized files now loaded: 0)
System memory in use before: 67.7 MB.
System memory in use after: 67.2 MB.

Unloading 19 unused Assets to reduce memory usage. Loaded Objects now: 1797.
Total: 2.895300 ms (FindLiveObjects: 0.253300 ms CreateObjectMapping: 0.053400 ms MarkObjects: 2.271200 ms  DeleteObjects: 0.315700 ms)

========================================================================
Received Import Request.
  Time since last request: 484.011700 seconds.
  path: Assets/Animation/Animation/PauseMenu.controller
  artifactKey: Guid(fef90dc2baa02a642a389909f62a5148) Importer(815301076,1909f56bfc062723c751e8b465ee728b)
Start importing Assets/Animation/Animation/PauseMenu.controller using Guid(fef90dc2baa02a642a389909f62a5148) Importer(815301076,1909f56bfc062723c751e8b465ee728b)  -> (artifact id: '51186bdcaf0d845c5e768c807ff05ec7') in 0.051018 seconds
  Import took 0.054449 seconds .

========================================================================
Received Import Request.
  Time since last request: 2.488196 seconds.
  path: Assets/Animation/Animation/PauseMenu.anim
  artifactKey: Guid(c1e3edb34e065e54fbc2e0255aa1dd19) Importer(815301076,1909f56bfc062723c751e8b465ee728b)
Start importing Assets/Animation/Animation/PauseMenu.anim using Guid(c1e3edb34e065e54fbc2e0255aa1dd19) Importer(815301076,1909f56bfc062723c751e8b465ee728b)  -> (artifact id: '7e9fe56dce692e42f42ea25138891cd3') in 0.005198 seconds
  Import took 0.007392 seconds .

========================================================================
Received Import Request.
  Time since last request: 0.106126 seconds.
  path: Assets/Animation/Animation/PauseMenu.anim
  artifactKey: Guid(c1e3edb34e065e54fbc2e0255aa1dd19) Importer(815301076,1909f56bfc062723c751e8b465ee728b)
Start importing Assets/Animation/Animation/PauseMenu.anim using Guid(c1e3edb34e065e54fbc2e0255aa1dd19) Importer(815301076,1909f56bfc062723c751e8b465ee728b)  -> (artifact id: '7e9fe56dce692e42f42ea25138891cd3') in 0.004274 seconds
  Import took 0.008054 seconds .

========================================================================
Received Prepare
Registering precompiled user dll's ...
Registered in 0.000734 seconds.
Begin MonoManager ReloadAssembly
Native extension for WindowsStandalone target not found
Refreshing native plugins compatible for Editor in 0.21 ms, found 0 plugins.
Preloading 0 native plugins for Editor in 0.00 ms.
Invoked RoslynAnalysisRunner static constructor.
RoslynAnalysisRunner will not be running.
RoslynAnalysisRunner has terminated.
Mono: successfully reloaded assembly
- Completed reload, in  0.718 seconds
Platform modules already initialized, skipping
Refreshing native plugins compatible for Editor in 0.23 ms, found 0 plugins.
Preloading 0 native plugins for Editor in 0.00 ms.
Unloading 1275 Unused Serialized files (Serialized files now loaded: 0)
System memory in use before: 67.7 MB.
System memory in use after: 67.2 MB.

Unloading 19 unused Assets to reduce memory usage. Loaded Objects now: 1800.
Total: 2.132000 ms (FindLiveObjects: 0.212800 ms CreateObjectMapping: 0.076300 ms MarkObjects: 1.530700 ms  DeleteObjects: 0.310800 ms)

AssetImportWorkerClient::OnTransportError - code=2 error=End of file
